<?xml version="1.0" encoding="UTF-8"?>
<!-- Generated by org.testng.reporters.JUnitReportReporter -->
<testsuite hostname="MOHAN-PC" name="com.flipkart.computerAutomation.flipkartApp" tests="3" failures="0" timestamp="24 Sep 2017 14:16:26 GMT" time="82.900" errors="0">
  <testcase name="searchHPComputers" time="29.624" classname="com.flipkart.computerAutomation.flipkartApp"/>
  <testcase name="searchComputers" time="2.175" classname="com.flipkart.computerAutomation.flipkartApp"/>
  <testcase name="addToCart" time="51.101" classname="com.flipkart.computerAutomation.flipkartApp"/>
</testsuite> <!-- com.flipkart.computerAutomation.flipkartApp -->
