<?xml version="1.0" encoding="UTF-8"?>
<!-- Generated by org.testng.reporters.JUnitReportReporter -->
<testsuite hostname="MOHAN-PC" name="com.flipkart.computerAutomation.flipkartApp" tests="3" failures="0" timestamp="23 Sep 2017 14:16:11 GMT" time="23.983" errors="0">
  <testcase name="searchHPComputers" time="18.904" classname="com.flipkart.computerAutomation.flipkartApp"/>
  <testcase name="searchComputers" time="2.279" classname="com.flipkart.computerAutomation.flipkartApp"/>
  <testcase name="addToCart" time="2.800" classname="com.flipkart.computerAutomation.flipkartApp"/>
</testsuite> <!-- com.flipkart.computerAutomation.flipkartApp -->
